<?xml version="1.0" encoding="UTF-8"?>
<!-- Generated by org.testng.reporters.JUnitXMLReporter -->
<testsuite hostname="Ythns-iMac.local" ignored="0" name="Default test" tests="3" failures="0" timestamp="10 Dec 2018 12:13:17 GMT" time="37.848" errors="0">
  <testcase name="TC4a_SearchPaper" time="8.992" classname="paperboyTestScripts.Search"/>
  <testcase name="TC4b_SearchMagazine" time="4.225" classname="paperboyTestScripts.Search"/>
  <testcase name="TC4c_SearchState" time="4.234" classname="paperboyTestScripts.Search"/>
</testsuite> <!-- Default test -->
