<?xml version="1.0" encoding="UTF-8"?>
<!-- Generated by org.testng.reporters.JUnitXMLReporter -->
<testsuite hostname="Ythns-iMac.local" ignored="0" name="Smoke Testcases" tests="3" failures="0" timestamp="10 Dec 2018 12:49:07 GMT" time="39.682" errors="0">
  <testcase name="TC4a_SearchPaper" time="8.738" classname="paperboyTestScripts.Search"/>
  <testcase name="TC4b_SearchMagazine" time="4.212" classname="paperboyTestScripts.Search"/>
  <testcase name="TC4c_SearchState" time="4.226" classname="paperboyTestScripts.Search"/>
</testsuite> <!-- Smoke Testcases -->
